<?xml version="1.0" encoding="UTF-8"?>
<testng-results skipped="0" failed="0" total="1" passed="1">
  <reporter-output>
  </reporter-output>
  <suite name="Default suite" duration-ms="13342" started-at="2018-07-04T07:14:32Z" finished-at="2018-07-04T07:14:45Z">
    <groups>
    </groups>
    <test name="Default test" duration-ms="13342" started-at="2018-07-04T07:14:32Z" finished-at="2018-07-04T07:14:45Z">
      <class name="com.qait.snl.gmailAutomation.TestGmail">
        <test-method status="PASS" signature="correctLoginCredentials()[pri:0, instance:com.qait.snl.gmailAutomation.TestGmail@480d3575]" name="correctLoginCredentials" duration-ms="13332" started-at="2018-07-04T12:44:32Z" finished-at="2018-07-04T12:44:45Z">
          <reporter-output>
          </reporter-output>
        </test-method> <!-- correctLoginCredentials -->
      </class> <!-- com.qait.snl.gmailAutomation.TestGmail -->
    </test> <!-- Default test -->
  </suite> <!-- Default suite -->
</testng-results>
